=== 2026-04-10 01:44:18Z | d21b26ea06b84fad97f16d17d47573af | 500 ===
URL: http://localhost:64705/default.aspx
MESSAGE: Exception of type 'System.Web.HttpUnhandledException' was thrown.
STACK:    at System.Web.UI.Page.HandleError(Exception e)
   at System.Web.UI.Page.ProcessRequestMain(Boolean includeStagesBeforeAsyncPoint, Boolean includeStagesAfterAsyncPoint)
   at System.Web.UI.Page.ProcessRequest(Boolean includeStagesBeforeAsyncPoint, Boolean includeStagesAfterAsyncPoint)
   at System.Web.UI.Page.ProcessRequest()
   at System.Web.UI.Page.ProcessRequest(HttpContext context)
   at ASP.default_aspx.ProcessRequest(HttpContext context) in c:\Users\Sumana\AppData\Local\Temp\Temporary ASP.NET Files\vs\34eadf56\f821f397\App_Web_jjk41hwu.9.cs:line 0
   at System.Web.HttpApplication.CallHandlerExecutionStep.System.Web.HttpApplication.IExecutionStep.Execute()
   at System.Web.HttpApplication.ExecuteStepImpl(IExecutionStep step)
   at System.Web.HttpApplication.ExecuteStep(IExecutionStep step, Boolean& completedSynchronously)

=== 2026-04-10 10:13:30Z | 021ad3f5fdea4284877af958127ea0ab | 500 ===
URL: http://localhost:64705/default.aspx
MESSAGE: Exception of type 'System.Web.HttpUnhandledException' was thrown.
STACK:    at System.Web.UI.Page.HandleError(Exception e)
   at System.Web.UI.Page.ProcessRequestMain(Boolean includeStagesBeforeAsyncPoint, Boolean includeStagesAfterAsyncPoint)
   at System.Web.UI.Page.ProcessRequest(Boolean includeStagesBeforeAsyncPoint, Boolean includeStagesAfterAsyncPoint)
   at System.Web.UI.Page.ProcessRequest()
   at System.Web.UI.Page.ProcessRequest(HttpContext context)
   at ASP.default_aspx.ProcessRequest(HttpContext context) in c:\Users\Sumana\AppData\Local\Temp\Temporary ASP.NET Files\vs\34eadf56\f821f397\App_Web_jjk41hwu.9.cs:line 0
   at System.Web.HttpApplication.CallHandlerExecutionStep.System.Web.HttpApplication.IExecutionStep.Execute()
   at System.Web.HttpApplication.ExecuteStepImpl(IExecutionStep step)
   at System.Web.HttpApplication.ExecuteStep(IExecutionStep step, Boolean& completedSynchronously)

=== 2026-04-10 10:21:56Z | a39a16ec32e8451da5df531b70e4c30f | 500 ===
URL: http://localhost:64705/default.aspx
MESSAGE: Exception of type 'System.Web.HttpUnhandledException' was thrown.
STACK:    at System.Web.UI.Page.HandleError(Exception e)
   at System.Web.UI.Page.ProcessRequestMain(Boolean includeStagesBeforeAsyncPoint, Boolean includeStagesAfterAsyncPoint)
   at System.Web.UI.Page.ProcessRequest(Boolean includeStagesBeforeAsyncPoint, Boolean includeStagesAfterAsyncPoint)
   at System.Web.UI.Page.ProcessRequest()
   at System.Web.UI.Page.ProcessRequest(HttpContext context)
   at ASP.default_aspx.ProcessRequest(HttpContext context) in c:\Users\Sumana\AppData\Local\Temp\Temporary ASP.NET Files\vs\34eadf56\f821f397\App_Web_m4dxki5t.13.cs:line 0
   at System.Web.HttpApplication.CallHandlerExecutionStep.System.Web.HttpApplication.IExecutionStep.Execute()
   at System.Web.HttpApplication.ExecuteStepImpl(IExecutionStep step)
   at System.Web.HttpApplication.ExecuteStep(IExecutionStep step, Boolean& completedSynchronously)

=== 2026-04-10 10:24:40Z | ba9a6e04faa749bb99b919ad16358a85 | 500 ===
URL: http://localhost:64705/default.aspx
MESSAGE: Exception of type 'System.Web.HttpUnhandledException' was thrown.
STACK:    at System.Web.UI.Page.HandleError(Exception e)
   at System.Web.UI.Page.ProcessRequestMain(Boolean includeStagesBeforeAsyncPoint, Boolean includeStagesAfterAsyncPoint)
   at System.Web.UI.Page.ProcessRequest(Boolean includeStagesBeforeAsyncPoint, Boolean includeStagesAfterAsyncPoint)
   at System.Web.UI.Page.ProcessRequest()
   at System.Web.UI.Page.ProcessRequest(HttpContext context)
   at ASP.default_aspx.ProcessRequest(HttpContext context) in c:\Users\Sumana\AppData\Local\Temp\Temporary ASP.NET Files\vs\34eadf56\f821f397\App_Web_m4dxki5t.13.cs:line 0
   at System.Web.HttpApplication.CallHandlerExecutionStep.System.Web.HttpApplication.IExecutionStep.Execute()
   at System.Web.HttpApplication.ExecuteStepImpl(IExecutionStep step)
   at System.Web.HttpApplication.ExecuteStep(IExecutionStep step, Boolean& completedSynchronously)

